<?xml version="1.0" encoding="UTF-8"?>
<coverage generated="1700091175224" clover="3.2.0">
  <project timestamp="1700091175224" name="All files">
    <metrics statements="146" coveredstatements="140" conditionals="53" coveredconditionals="42" methods="34" coveredmethods="33" elements="233" coveredelements="215" complexity="0" loc="146" ncloc="146" packages="1" files="11" classes="11"/>
    <file name="DigitValidator.ts" path="C:\Users\divin\Desktop\password-validator\src\password\validator\DigitValidator.ts">
      <metrics statements="12" coveredstatements="12" conditionals="2" coveredconditionals="2" methods="4" coveredmethods="4"/>
      <line num="2" count="1" type="stmt"/>
      <line num="3" count="1" type="stmt"/>
      <line num="4" count="1" type="stmt"/>
      <line num="5" count="1" type="stmt"/>
      <line num="6" count="1" type="stmt"/>
      <line num="9" count="7" type="stmt"/>
      <line num="12" count="5" type="cond" truecount="2" falsecount="0"/>
      <line num="13" count="3" type="stmt"/>
      <line num="14" count="3" type="stmt"/>
      <line num="16" count="2" type="stmt"/>
      <line num="19" count="46" type="stmt"/>
      <line num="22" count="1" type="stmt"/>
    </file>
    <file name="MaxLengthValidator.ts" path="C:\Users\divin\Desktop\password-validator\src\password\validator\MaxLengthValidator.ts">
      <metrics statements="25" coveredstatements="23" conditionals="9" coveredconditionals="7" methods="5" coveredmethods="5"/>
      <line num="2" count="1" type="stmt"/>
      <line num="3" count="1" type="stmt"/>
      <line num="4" count="1" type="stmt"/>
      <line num="5" count="1" type="stmt"/>
      <line num="6" count="1" type="stmt"/>
      <line num="8" count="14" type="stmt"/>
      <line num="10" count="14" type="stmt"/>
      <line num="13" count="10" type="cond" truecount="2" falsecount="0"/>
      <line num="14" count="3" type="stmt"/>
      <line num="15" count="3" type="stmt"/>
      <line num="17" count="7" type="stmt"/>
      <line num="20" count="9" type="stmt"/>
      <line num="21" count="9" type="cond" truecount="2" falsecount="1"/>
      <line num="23" count="7" type="stmt"/>
      <line num="24" count="7" type="stmt"/>
      <line num="26" count="2" type="stmt"/>
      <line num="27" count="2" type="stmt"/>
      <line num="29" count="0" type="stmt"/>
      <line num="31" count="9" type="stmt"/>
      <line num="32" count="9" type="stmt"/>
      <line num="35" count="9" type="cond" truecount="2" falsecount="0"/>
      <line num="36" count="1" type="stmt"/>
      <line num="40" count="7" type="cond" truecount="1" falsecount="1"/>
      <line num="41" count="0" type="stmt"/>
      <line num="45" count="1" type="stmt"/>
    </file>
    <file name="MinLengthValidator.ts" path="C:\Users\divin\Desktop\password-validator\src\password\validator\MinLengthValidator.ts">
      <metrics statements="18" coveredstatements="18" conditionals="6" coveredconditionals="6" methods="3" coveredmethods="3"/>
      <line num="2" count="1" type="stmt"/>
      <line num="3" count="1" type="stmt"/>
      <line num="4" count="1" type="stmt"/>
      <line num="5" count="1" type="stmt"/>
      <line num="6" count="1" type="stmt"/>
      <line num="9" count="15" type="stmt"/>
      <line num="12" count="10" type="cond" truecount="2" falsecount="0"/>
      <line num="13" count="3" type="stmt"/>
      <line num="14" count="3" type="stmt"/>
      <line num="16" count="7" type="stmt"/>
      <line num="19" count="11" type="stmt"/>
      <line num="20" count="11" type="cond" truecount="2" falsecount="0"/>
      <line num="22" count="9" type="cond" truecount="2" falsecount="0"/>
      <line num="23" count="1" type="stmt"/>
      <line num="25" count="9" type="stmt"/>
      <line num="27" count="2" type="stmt"/>
      <line num="29" count="9" type="stmt"/>
      <line num="32" count="1" type="stmt"/>
    </file>
    <file name="PasswordValidator.ts" path="C:\Users\divin\Desktop\password-validator\src\password\validator\PasswordValidator.ts">
      <metrics statements="8" coveredstatements="8" conditionals="0" coveredconditionals="0" methods="4" coveredmethods="4"/>
      <line num="2" count="1" type="stmt"/>
      <line num="3" count="1" type="stmt"/>
      <line num="9" count="36" type="stmt"/>
      <line num="10" count="36" type="stmt"/>
      <line num="13" count="77" type="stmt"/>
      <line num="16" count="20" type="stmt"/>
      <line num="19" count="2" type="stmt"/>
      <line num="22" count="1" type="stmt"/>
    </file>
    <file name="PasswordValidatorConflictException.ts" path="C:\Users\divin\Desktop\password-validator\src\password\validator\PasswordValidatorConflictException.ts">
      <metrics statements="4" coveredstatements="4" conditionals="0" coveredconditionals="0" methods="1" coveredmethods="1"/>
      <line num="2" count="1" type="stmt"/>
      <line num="3" count="1" type="stmt"/>
      <line num="6" count="2" type="stmt"/>
      <line num="9" count="1" type="stmt"/>
    </file>
    <file name="PasswordValidatorManager.ts" path="C:\Users\divin\Desktop\password-validator\src\password\validator\PasswordValidatorManager.ts">
      <metrics statements="42" coveredstatements="40" conditionals="10" coveredconditionals="9" methods="9" coveredmethods="9"/>
      <line num="2" count="1" type="stmt"/>
      <line num="3" count="1" type="stmt"/>
      <line num="4" count="1" type="stmt"/>
      <line num="5" count="1" type="stmt"/>
      <line num="9" count="26" type="stmt"/>
      <line num="12" count="25" type="stmt"/>
      <line num="13" count="25" type="stmt"/>
      <line num="14" count="25" type="stmt"/>
      <line num="15" count="36" type="stmt"/>
      <line num="16" count="36" type="stmt"/>
      <line num="18" count="25" type="stmt"/>
      <line num="21" count="25" type="stmt"/>
      <line num="22" count="36" type="stmt"/>
      <line num="23" count="13" type="stmt"/>
      <line num="24" count="13" type="cond" truecount="2" falsecount="0"/>
      <line num="25" count="2" type="stmt"/>
      <line num="31" count="36" type="stmt"/>
      <line num="32" count="9" type="stmt"/>
      <line num="33" count="9" type="cond" truecount="1" falsecount="1"/>
      <line num="34" count="0" type="stmt"/>
      <line num="35" count="0" type="stmt"/>
      <line num="40" count="36" type="cond" truecount="2" falsecount="0"/>
      <line num="41" count="31" type="stmt"/>
      <line num="45" count="25" type="cond" truecount="2" falsecount="0"/>
      <line num="46" count="2" type="stmt"/>
      <line num="47" count="2" type="stmt"/>
      <line num="48" count="2" type="stmt"/>
      <line num="49" count="2" type="stmt"/>
      <line num="50" count="2" type="stmt"/>
      <line num="52" count="2" type="stmt"/>
      <line num="56" count="70" type="stmt"/>
      <line num="59" count="3" type="stmt"/>
      <line num="62" count="20" type="stmt"/>
      <line num="63" count="20" type="stmt"/>
      <line num="64" count="20" type="stmt"/>
      <line num="65" count="25" type="stmt"/>
      <line num="66" count="25" type="cond" truecount="2" falsecount="0"/>
      <line num="67" count="16" type="stmt"/>
      <line num="69" count="9" type="stmt"/>
      <line num="70" count="9" type="stmt"/>
      <line num="72" count="20" type="stmt"/>
      <line num="75" count="1" type="stmt"/>
    </file>
    <file name="ValidationResult.ts" path="C:\Users\divin\Desktop\password-validator\src\password\validator\ValidationResult.ts">
      <metrics statements="7" coveredstatements="7" conditionals="0" coveredconditionals="0" methods="3" coveredmethods="3"/>
      <line num="2" count="1" type="stmt"/>
      <line num="3" count="1" type="stmt"/>
      <line num="8" count="45" type="stmt"/>
      <line num="9" count="45" type="stmt"/>
      <line num="12" count="45" type="stmt"/>
      <line num="15" count="9" type="stmt"/>
      <line num="18" count="1" type="stmt"/>
    </file>
    <file name="Validator.ts" path="C:\Users\divin\Desktop\password-validator\src\password\validator\Validator.ts">
      <metrics statements="1" coveredstatements="1" conditionals="0" coveredconditionals="0" methods="0" coveredmethods="0"/>
      <line num="2" count="1" type="stmt"/>
    </file>
    <file name="ValidatorCategory.ts" path="C:\Users\divin\Desktop\password-validator\src\password\validator\ValidatorCategory.ts">
      <metrics statements="7" coveredstatements="7" conditionals="2" coveredconditionals="2" methods="1" coveredmethods="1"/>
      <line num="2" count="1" type="stmt"/>
      <line num="3" count="1" type="stmt"/>
      <line num="9" count="1" type="stmt"/>
      <line num="15" count="1" type="stmt"/>
      <line num="23" count="1" type="stmt"/>
      <line num="31" count="1" type="stmt"/>
      <line num="39" count="1" type="stmt"/>
    </file>
    <file name="ValidatorManager.ts" path="C:\Users\divin\Desktop\password-validator\src\password\validator\ValidatorManager.ts">
      <metrics statements="1" coveredstatements="1" conditionals="0" coveredconditionals="0" methods="0" coveredmethods="0"/>
      <line num="2" count="1" type="stmt"/>
    </file>
    <file name="index.ts" path="C:\Users\divin\Desktop\password-validator\src\password\validator\index.ts">
      <metrics statements="21" coveredstatements="19" conditionals="24" coveredconditionals="16" methods="4" coveredmethods="3"/>
      <line num="2" count="1" type="cond" truecount="4" falsecount="1"/>
      <line num="3" count="8" type="cond" truecount="1" falsecount="1"/>
      <line num="4" count="8" type="stmt"/>
      <line num="5" count="8" type="cond" truecount="5" falsecount="3"/>
      <line num="6" count="64" type="stmt"/>
      <line num="8" count="8" type="stmt"/>
      <line num="10" count="0" type="cond" truecount="0" falsecount="2"/>
      <line num="11" count="0" type="stmt"/>
      <line num="13" count="1" type="cond" truecount="3" falsecount="0"/>
      <line num="14" count="10" type="cond" truecount="3" falsecount="1"/>
      <line num="16" count="1" type="stmt"/>
      <line num="17" count="1" type="stmt"/>
      <line num="18" count="1" type="stmt"/>
      <line num="19" count="1" type="stmt"/>
      <line num="20" count="1" type="stmt"/>
      <line num="21" count="1" type="stmt"/>
      <line num="22" count="1" type="stmt"/>
      <line num="23" count="1" type="stmt"/>
      <line num="24" count="1" type="stmt"/>
      <line num="25" count="1" type="stmt"/>
      <line num="26" count="1" type="stmt"/>
    </file>
  </project>
</coverage>
