{"C:\\Users\\divin\\Desktop\\password-validator\\src\\password\\validator\\DigitValidator.ts": {"path":"C:\\Users\\divin\\Desktop\\password-validator\\src\\password\\validator\\DigitValidator.ts","statementMap":{"0":{"start":{"line":2,"column":0},"end":{"line":2,"column":62}},"1":{"start":{"line":3,"column":0},"end":{"line":3,"column":32}},"2":{"start":{"line":4,"column":28},"end":{"line":4,"column":58}},"3":{"start":{"line":5,"column":27},"end":{"line":5,"column":56}},"4":{"start":{"line":6,"column":28},"end":{"line":6,"column":58}},"5":{"start":{"line":9,"column":8},"end":{"line":9,"column":83}},"6":{"start":{"line":12,"column":8},"end":{"line":15,"column":9}},"7":{"start":{"line":13,"column":28},"end":{"line":13,"column":83}},"8":{"start":{"line":14,"column":12},"end":{"line":14,"column":85}},"9":{"start":{"line":16,"column":8},"end":{"line":16,"column":65}},"10":{"start":{"line":19,"column":8},"end":{"line":19,"column":78}},"11":{"start":{"line":19,"column":49},"end":{"line":19,"column":69}},"12":{"start":{"line":22,"column":0},"end":{"line":22,"column":40}}},"fnMap":{"0":{"name":"(anonymous_0)","decl":{"start":{"line":8,"column":4},"end":{"line":8,"column":5}},"loc":{"start":{"line":8,"column":30},"end":{"line":10,"column":5}},"line":8},"1":{"name":"(anonymous_1)","decl":{"start":{"line":11,"column":4},"end":{"line":11,"column":5}},"loc":{"start":{"line":11,"column":23},"end":{"line":17,"column":5}},"line":11},"2":{"name":"(anonymous_2)","decl":{"start":{"line":18,"column":4},"end":{"line":18,"column":5}},"loc":{"start":{"line":18,"column":31},"end":{"line":20,"column":5}},"line":18},"3":{"name":"(anonymous_3)","decl":{"start":{"line":19,"column":41},"end":{"line":19,"column":42}},"loc":{"start":{"line":19,"column":49},"end":{"line":19,"column":69}},"line":19}},"branchMap":{"0":{"loc":{"start":{"line":12,"column":8},"end":{"line":15,"column":9}},"type":"if","locations":[{"start":{"line":12,"column":8},"end":{"line":15,"column":9}},{"start":{},"end":{}}],"line":12}},"s":{"0":1,"1":1,"2":1,"3":1,"4":1,"5":7,"6":5,"7":3,"8":3,"9":2,"10":5,"11":46,"12":1},"f":{"0":7,"1":5,"2":5,"3":46},"b":{"0":[3,2]},"_coverageSchema":"1a1c01bbd47fc00a2c39e90264f33305004495a9","hash":"fafe7a75a6ca496eee1ab77004bc6d8488c54d53"}
,"C:\\Users\\divin\\Desktop\\password-validator\\src\\password\\validator\\MaxLengthValidator.ts": {"path":"C:\\Users\\divin\\Desktop\\password-validator\\src\\password\\validator\\MaxLengthValidator.ts","statementMap":{"0":{"start":{"line":2,"column":0},"end":{"line":2,"column":62}},"1":{"start":{"line":3,"column":0},"end":{"line":3,"column":36}},"2":{"start":{"line":4,"column":28},"end":{"line":4,"column":58}},"3":{"start":{"line":5,"column":27},"end":{"line":5,"column":56}},"4":{"start":{"line":6,"column":28},"end":{"line":6,"column":58}},"5":{"start":{"line":8,"column":15},"end":{"line":8,"column":16}},"6":{"start":{"line":10,"column":8},"end":{"line":10,"column":88}},"7":{"start":{"line":13,"column":8},"end":{"line":16,"column":9}},"8":{"start":{"line":14,"column":28},"end":{"line":14,"column":96}},"9":{"start":{"line":15,"column":12},"end":{"line":15,"column":85}},"10":{"start":{"line":17,"column":8},"end":{"line":17,"column":73}},"11":{"start":{"line":20,"column":28},"end":{"line":20,"column":30}},"12":{"start":{"line":21,"column":8},"end":{"line":30,"column":9}},"13":{"start":{"line":23,"column":16},"end":{"line":23,"column":76}},"14":{"start":{"line":24,"column":16},"end":{"line":24,"column":22}},"15":{"start":{"line":26,"column":16},"end":{"line":26,"column":58}},"16":{"start":{"line":27,"column":16},"end":{"line":27,"column":22}},"17":{"start":{"line":29,"column":16},"end":{"line":29,"column":34}},"18":{"start":{"line":31,"column":8},"end":{"line":31,"column":58}},"19":{"start":{"line":32,"column":8},"end":{"line":32,"column":27}},"20":{"start":{"line":35,"column":8},"end":{"line":37,"column":9}},"21":{"start":{"line":36,"column":12},"end":{"line":36,"column":72}},"22":{"start":{"line":40,"column":8},"end":{"line":42,"column":9}},"23":{"start":{"line":41,"column":12},"end":{"line":41,"column":73}},"24":{"start":{"line":45,"column":0},"end":{"line":45,"column":48}}},"fnMap":{"0":{"name":"(anonymous_0)","decl":{"start":{"line":9,"column":4},"end":{"line":9,"column":5}},"loc":{"start":{"line":9,"column":30},"end":{"line":11,"column":5}},"line":9},"1":{"name":"(anonymous_1)","decl":{"start":{"line":12,"column":4},"end":{"line":12,"column":5}},"loc":{"start":{"line":12,"column":23},"end":{"line":18,"column":5}},"line":12},"2":{"name":"(anonymous_2)","decl":{"start":{"line":19,"column":4},"end":{"line":19,"column":5}},"loc":{"start":{"line":19,"column":29},"end":{"line":33,"column":5}},"line":19},"3":{"name":"(anonymous_3)","decl":{"start":{"line":34,"column":4},"end":{"line":34,"column":5}},"loc":{"start":{"line":34,"column":49},"end":{"line":38,"column":5}},"line":34},"4":{"name":"(anonymous_4)","decl":{"start":{"line":39,"column":4},"end":{"line":39,"column":5}},"loc":{"start":{"line":39,"column":59},"end":{"line":43,"column":5}},"line":39}},"branchMap":{"0":{"loc":{"start":{"line":13,"column":8},"end":{"line":16,"column":9}},"type":"if","locations":[{"start":{"line":13,"column":8},"end":{"line":16,"column":9}},{"start":{},"end":{}}],"line":13},"1":{"loc":{"start":{"line":21,"column":8},"end":{"line":30,"column":9}},"type":"switch","locations":[{"start":{"line":22,"column":12},"end":{"line":24,"column":22}},{"start":{"line":25,"column":12},"end":{"line":27,"column":22}},{"start":{"line":28,"column":12},"end":{"line":29,"column":34}}],"line":21},"2":{"loc":{"start":{"line":35,"column":8},"end":{"line":37,"column":9}},"type":"if","locations":[{"start":{"line":35,"column":8},"end":{"line":37,"column":9}},{"start":{},"end":{}}],"line":35},"3":{"loc":{"start":{"line":40,"column":8},"end":{"line":42,"column":9}},"type":"if","locations":[{"start":{"line":40,"column":8},"end":{"line":42,"column":9}},{"start":{},"end":{}}],"line":40}},"s":{"0":1,"1":1,"2":1,"3":1,"4":1,"5":14,"6":14,"7":10,"8":3,"9":3,"10":7,"11":9,"12":9,"13":7,"14":7,"15":2,"16":2,"17":0,"18":9,"19":9,"20":9,"21":1,"22":7,"23":0,"24":1},"f":{"0":14,"1":10,"2":9,"3":9,"4":7},"b":{"0":[3,7],"1":[7,2,0],"2":[1,8],"3":[0,7]},"_coverageSchema":"1a1c01bbd47fc00a2c39e90264f33305004495a9","hash":"0d15a34a37aef56e4f06f65f330e8b807babbe8b"}
,"C:\\Users\\divin\\Desktop\\password-validator\\src\\password\\validator\\MinLengthValidator.ts": {"path":"C:\\Users\\divin\\Desktop\\password-validator\\src\\password\\validator\\MinLengthValidator.ts","statementMap":{"0":{"start":{"line":2,"column":0},"end":{"line":2,"column":62}},"1":{"start":{"line":3,"column":0},"end":{"line":3,"column":36}},"2":{"start":{"line":4,"column":28},"end":{"line":4,"column":58}},"3":{"start":{"line":5,"column":27},"end":{"line":5,"column":56}},"4":{"start":{"line":6,"column":28},"end":{"line":6,"column":58}},"5":{"start":{"line":9,"column":8},"end":{"line":9,"column":84}},"6":{"start":{"line":12,"column":8},"end":{"line":15,"column":9}},"7":{"start":{"line":13,"column":34},"end":{"line":13,"column":100}},"8":{"start":{"line":14,"column":12},"end":{"line":14,"column":91}},"9":{"start":{"line":16,"column":8},"end":{"line":16,"column":73}},"10":{"start":{"line":19,"column":28},"end":{"line":19,"column":38}},"11":{"start":{"line":20,"column":8},"end":{"line":28,"column":9}},"12":{"start":{"line":22,"column":16},"end":{"line":24,"column":17}},"13":{"start":{"line":23,"column":20},"end":{"line":23,"column":83}},"14":{"start":{"line":25,"column":16},"end":{"line":25,"column":22}},"15":{"start":{"line":27,"column":16},"end":{"line":27,"column":34}},"16":{"start":{"line":29,"column":8},"end":{"line":29,"column":27}},"17":{"start":{"line":32,"column":0},"end":{"line":32,"column":48}}},"fnMap":{"0":{"name":"(anonymous_0)","decl":{"start":{"line":8,"column":4},"end":{"line":8,"column":5}},"loc":{"start":{"line":8,"column":30},"end":{"line":10,"column":5}},"line":8},"1":{"name":"(anonymous_1)","decl":{"start":{"line":11,"column":4},"end":{"line":11,"column":5}},"loc":{"start":{"line":11,"column":23},"end":{"line":17,"column":5}},"line":11},"2":{"name":"(anonymous_2)","decl":{"start":{"line":18,"column":4},"end":{"line":18,"column":5}},"loc":{"start":{"line":18,"column":29},"end":{"line":30,"column":5}},"line":18}},"branchMap":{"0":{"loc":{"start":{"line":12,"column":8},"end":{"line":15,"column":9}},"type":"if","locations":[{"start":{"line":12,"column":8},"end":{"line":15,"column":9}},{"start":{},"end":{}}],"line":12},"1":{"loc":{"start":{"line":20,"column":8},"end":{"line":28,"column":9}},"type":"switch","locations":[{"start":{"line":21,"column":12},"end":{"line":25,"column":22}},{"start":{"line":26,"column":12},"end":{"line":27,"column":34}}],"line":20},"2":{"loc":{"start":{"line":22,"column":16},"end":{"line":24,"column":17}},"type":"if","locations":[{"start":{"line":22,"column":16},"end":{"line":24,"column":17}},{"start":{},"end":{}}],"line":22}},"s":{"0":1,"1":1,"2":1,"3":1,"4":1,"5":15,"6":10,"7":3,"8":3,"9":7,"10":11,"11":11,"12":9,"13":1,"14":9,"15":2,"16":9,"17":1},"f":{"0":15,"1":10,"2":11},"b":{"0":[3,7],"1":[9,2],"2":[1,8]},"_coverageSchema":"1a1c01bbd47fc00a2c39e90264f33305004495a9","hash":"dfb0767f56e6c130291f238e6d94cd1941703cb1"}
,"C:\\Users\\divin\\Desktop\\password-validator\\src\\password\\validator\\PasswordValidator.ts": {"path":"C:\\Users\\divin\\Desktop\\password-validator\\src\\password\\validator\\PasswordValidator.ts","statementMap":{"0":{"start":{"line":2,"column":0},"end":{"line":2,"column":62}},"1":{"start":{"line":3,"column":0},"end":{"line":3,"column":35}},"2":{"start":{"line":9,"column":8},"end":{"line":9,"column":33}},"3":{"start":{"line":10,"column":8},"end":{"line":10,"column":42}},"4":{"start":{"line":13,"column":8},"end":{"line":13,"column":25}},"5":{"start":{"line":16,"column":8},"end":{"line":16,"column":38}},"6":{"start":{"line":19,"column":8},"end":{"line":19,"column":18}},"7":{"start":{"line":22,"column":0},"end":{"line":22,"column":46}}},"fnMap":{"0":{"name":"(anonymous_0)","decl":{"start":{"line":8,"column":4},"end":{"line":8,"column":5}},"loc":{"start":{"line":8,"column":40},"end":{"line":11,"column":5}},"line":8},"1":{"name":"(anonymous_1)","decl":{"start":{"line":12,"column":4},"end":{"line":12,"column":5}},"loc":{"start":{"line":12,"column":19},"end":{"line":14,"column":5}},"line":12},"2":{"name":"(anonymous_2)","decl":{"start":{"line":15,"column":4},"end":{"line":15,"column":5}},"loc":{"start":{"line":15,"column":15},"end":{"line":17,"column":5}},"line":15},"3":{"name":"(anonymous_3)","decl":{"start":{"line":18,"column":4},"end":{"line":18,"column":5}},"loc":{"start":{"line":18,"column":29},"end":{"line":20,"column":5}},"line":18}},"branchMap":{},"s":{"0":1,"1":1,"2":36,"3":36,"4":77,"5":20,"6":2,"7":1},"f":{"0":36,"1":77,"2":20,"3":2},"b":{},"_coverageSchema":"1a1c01bbd47fc00a2c39e90264f33305004495a9","hash":"b3fb031ae63705a995641d99e1e43fd0668d9b03"}
,"C:\\Users\\divin\\Desktop\\password-validator\\src\\password\\validator\\PasswordValidatorConflictException.ts": {"path":"C:\\Users\\divin\\Desktop\\password-validator\\src\\password\\validator\\PasswordValidatorConflictException.ts","statementMap":{"0":{"start":{"line":2,"column":0},"end":{"line":2,"column":62}},"1":{"start":{"line":3,"column":0},"end":{"line":3,"column":52}},"2":{"start":{"line":6,"column":8},"end":{"line":6,"column":23}},"3":{"start":{"line":9,"column":0},"end":{"line":9,"column":80}}},"fnMap":{"0":{"name":"(anonymous_0)","decl":{"start":{"line":5,"column":4},"end":{"line":5,"column":5}},"loc":{"start":{"line":5,"column":25},"end":{"line":7,"column":5}},"line":5}},"branchMap":{},"s":{"0":1,"1":1,"2":2,"3":1},"f":{"0":2},"b":{},"_coverageSchema":"1a1c01bbd47fc00a2c39e90264f33305004495a9","hash":"f0ee2d9d9f7c5c58e5ea763dd2378eb7ee71d30c"}
,"C:\\Users\\divin\\Desktop\\password-validator\\src\\password\\validator\\PasswordValidatorManager.ts": {"path":"C:\\Users\\divin\\Desktop\\password-validator\\src\\password\\validator\\PasswordValidatorManager.ts","statementMap":{"0":{"start":{"line":2,"column":0},"end":{"line":2,"column":62}},"1":{"start":{"line":3,"column":0},"end":{"line":3,"column":42}},"2":{"start":{"line":4,"column":45},"end":{"line":4,"column":92}},"3":{"start":{"line":5,"column":27},"end":{"line":5,"column":56}},"4":{"start":{"line":9,"column":8},"end":{"line":9,"column":39}},"5":{"start":{"line":12,"column":33},"end":{"line":12,"column":35}},"6":{"start":{"line":13,"column":8},"end":{"line":13,"column":80}},"7":{"start":{"line":14,"column":8},"end":{"line":17,"column":9}},"8":{"start":{"line":15,"column":12},"end":{"line":15,"column":75}},"9":{"start":{"line":16,"column":12},"end":{"line":16,"column":78}},"10":{"start":{"line":18,"column":8},"end":{"line":18,"column":47}},"11":{"start":{"line":21,"column":8},"end":{"line":28,"column":9}},"12":{"start":{"line":21,"column":21},"end":{"line":21,"column":22}},"13":{"start":{"line":22,"column":12},"end":{"line":27,"column":13}},"14":{"start":{"line":22,"column":25},"end":{"line":22,"column":30}},"15":{"start":{"line":23,"column":34},"end":{"line":23,"column":76}},"16":{"start":{"line":24,"column":16},"end":{"line":26,"column":17}},"17":{"start":{"line":25,"column":20},"end":{"line":25,"column":58}},"18":{"start":{"line":31,"column":8},"end":{"line":37,"column":9}},"19":{"start":{"line":32,"column":30},"end":{"line":32,"column":74}},"20":{"start":{"line":33,"column":12},"end":{"line":36,"column":13}},"21":{"start":{"line":34,"column":16},"end":{"line":34,"column":54}},"22":{"start":{"line":35,"column":16},"end":{"line":35,"column":22}},"23":{"start":{"line":40,"column":8},"end":{"line":42,"column":9}},"24":{"start":{"line":41,"column":12},"end":{"line":41,"column":54}},"25":{"start":{"line":45,"column":8},"end":{"line":53,"column":9}},"26":{"start":{"line":46,"column":26},"end":{"line":46,"column":28}},"27":{"start":{"line":47,"column":29},"end":{"line":47,"column":30}},"28":{"start":{"line":48,"column":12},"end":{"line":51,"column":13}},"29":{"start":{"line":49,"column":16},"end":{"line":49,"column":29}},"30":{"start":{"line":50,"column":16},"end":{"line":50,"column":65}},"31":{"start":{"line":52,"column":12},"end":{"line":52,"column":103}},"32":{"start":{"line":56,"column":8},"end":{"line":56,"column":38}},"33":{"start":{"line":59,"column":8},"end":{"line":59,"column":41}},"34":{"start":{"line":62,"column":25},"end":{"line":62,"column":27}},"35":{"start":{"line":63,"column":22},"end":{"line":63,"column":26}},"36":{"start":{"line":64,"column":8},"end":{"line":71,"column":9}},"37":{"start":{"line":65,"column":27},"end":{"line":65,"column":55}},"38":{"start":{"line":66,"column":12},"end":{"line":68,"column":13}},"39":{"start":{"line":67,"column":16},"end":{"line":67,"column":25}},"40":{"start":{"line":69,"column":12},"end":{"line":69,"column":28}},"41":{"start":{"line":70,"column":12},"end":{"line":70,"column":51}},"42":{"start":{"line":72,"column":8},"end":{"line":72,"column":74}},"43":{"start":{"line":75,"column":0},"end":{"line":75,"column":60}}},"fnMap":{"0":{"name":"(anonymous_0)","decl":{"start":{"line":8,"column":4},"end":{"line":8,"column":5}},"loc":{"start":{"line":8,"column":18},"end":{"line":10,"column":5}},"line":8},"1":{"name":"(anonymous_1)","decl":{"start":{"line":11,"column":4},"end":{"line":11,"column":5}},"loc":{"start":{"line":11,"column":28},"end":{"line":19,"column":5}},"line":11},"2":{"name":"(anonymous_2)","decl":{"start":{"line":20,"column":4},"end":{"line":20,"column":5}},"loc":{"start":{"line":20,"column":71},"end":{"line":29,"column":5}},"line":20},"3":{"name":"(anonymous_3)","decl":{"start":{"line":30,"column":4},"end":{"line":30,"column":5}},"loc":{"start":{"line":30,"column":62},"end":{"line":38,"column":5}},"line":30},"4":{"name":"(anonymous_4)","decl":{"start":{"line":39,"column":4},"end":{"line":39,"column":5}},"loc":{"start":{"line":39,"column":65},"end":{"line":43,"column":5}},"line":39},"5":{"name":"(anonymous_5)","decl":{"start":{"line":44,"column":4},"end":{"line":44,"column":5}},"loc":{"start":{"line":44,"column":38},"end":{"line":54,"column":5}},"line":44},"6":{"name":"(anonymous_6)","decl":{"start":{"line":55,"column":4},"end":{"line":55,"column":5}},"loc":{"start":{"line":55,"column":29},"end":{"line":57,"column":5}},"line":55},"7":{"name":"(anonymous_7)","decl":{"start":{"line":58,"column":4},"end":{"line":58,"column":5}},"loc":{"start":{"line":58,"column":17},"end":{"line":60,"column":5}},"line":58},"8":{"name":"(anonymous_8)","decl":{"start":{"line":61,"column":4},"end":{"line":61,"column":5}},"loc":{"start":{"line":61,"column":23},"end":{"line":73,"column":5}},"line":61}},"branchMap":{"0":{"loc":{"start":{"line":24,"column":16},"end":{"line":26,"column":17}},"type":"if","locations":[{"start":{"line":24,"column":16},"end":{"line":26,"column":17}},{"start":{},"end":{}}],"line":24},"1":{"loc":{"start":{"line":33,"column":12},"end":{"line":36,"column":13}},"type":"if","locations":[{"start":{"line":33,"column":12},"end":{"line":36,"column":13}},{"start":{},"end":{}}],"line":33},"2":{"loc":{"start":{"line":40,"column":8},"end":{"line":42,"column":9}},"type":"if","locations":[{"start":{"line":40,"column":8},"end":{"line":42,"column":9}},{"start":{},"end":{}}],"line":40},"3":{"loc":{"start":{"line":45,"column":8},"end":{"line":53,"column":9}},"type":"if","locations":[{"start":{"line":45,"column":8},"end":{"line":53,"column":9}},{"start":{},"end":{}}],"line":45},"4":{"loc":{"start":{"line":66,"column":12},"end":{"line":68,"column":13}},"type":"if","locations":[{"start":{"line":66,"column":12},"end":{"line":68,"column":13}},{"start":{},"end":{}}],"line":66}},"s":{"0":1,"1":1,"2":1,"3":1,"4":26,"5":25,"6":25,"7":25,"8":36,"9":36,"10":25,"11":25,"12":25,"13":36,"14":36,"15":13,"16":13,"17":2,"18":36,"19":9,"20":9,"21":0,"22":0,"23":36,"24":31,"25":25,"26":2,"27":2,"28":2,"29":2,"30":2,"31":2,"32":70,"33":3,"34":20,"35":20,"36":20,"37":25,"38":25,"39":16,"40":9,"41":9,"42":20,"43":1},"f":{"0":26,"1":25,"2":25,"3":36,"4":36,"5":25,"6":70,"7":3,"8":20},"b":{"0":[2,11],"1":[0,9],"2":[31,5],"3":[2,23],"4":[16,9]},"_coverageSchema":"1a1c01bbd47fc00a2c39e90264f33305004495a9","hash":"037faf71b9d53441aecdf450ca777aaed30aaf60"}
,"C:\\Users\\divin\\Desktop\\password-validator\\src\\password\\validator\\ValidationResult.ts": {"path":"C:\\Users\\divin\\Desktop\\password-validator\\src\\password\\validator\\ValidationResult.ts","statementMap":{"0":{"start":{"line":2,"column":0},"end":{"line":2,"column":62}},"1":{"start":{"line":3,"column":0},"end":{"line":3,"column":34}},"2":{"start":{"line":8,"column":8},"end":{"line":8,"column":27}},"3":{"start":{"line":9,"column":8},"end":{"line":9,"column":33}},"4":{"start":{"line":12,"column":8},"end":{"line":12,"column":26}},"5":{"start":{"line":15,"column":8},"end":{"line":15,"column":29}},"6":{"start":{"line":18,"column":0},"end":{"line":18,"column":44}}},"fnMap":{"0":{"name":"(anonymous_0)","decl":{"start":{"line":7,"column":4},"end":{"line":7,"column":5}},"loc":{"start":{"line":7,"column":33},"end":{"line":10,"column":5}},"line":7},"1":{"name":"(anonymous_1)","decl":{"start":{"line":11,"column":4},"end":{"line":11,"column":5}},"loc":{"start":{"line":11,"column":14},"end":{"line":13,"column":5}},"line":11},"2":{"name":"(anonymous_2)","decl":{"start":{"line":14,"column":4},"end":{"line":14,"column":5}},"loc":{"start":{"line":14,"column":18},"end":{"line":16,"column":5}},"line":14}},"branchMap":{},"s":{"0":1,"1":1,"2":45,"3":45,"4":45,"5":9,"6":1},"f":{"0":45,"1":45,"2":9},"b":{},"_coverageSchema":"1a1c01bbd47fc00a2c39e90264f33305004495a9","hash":"9e0ff7ae3cf47c72a199025fa0c284ae07de889a"}
,"C:\\Users\\divin\\Desktop\\password-validator\\src\\password\\validator\\Validator.ts": {"path":"C:\\Users\\divin\\Desktop\\password-validator\\src\\password\\validator\\Validator.ts","statementMap":{"0":{"start":{"line":2,"column":0},"end":{"line":2,"column":62}}},"fnMap":{},"branchMap":{},"s":{"0":1},"f":{},"b":{},"_coverageSchema":"1a1c01bbd47fc00a2c39e90264f33305004495a9","hash":"9c4bbf84b1158b2363b0bdd2b48c4c643d8b990e"}
,"C:\\Users\\divin\\Desktop\\password-validator\\src\\password\\validator\\ValidatorCategory.ts": {"path":"C:\\Users\\divin\\Desktop\\password-validator\\src\\password\\validator\\ValidatorCategory.ts","statementMap":{"0":{"start":{"line":2,"column":0},"end":{"line":2,"column":62}},"1":{"start":{"line":3,"column":0},"end":{"line":3,"column":35}},"2":{"start":{"line":9,"column":0},"end":{"line":40,"column":78}},"3":{"start":{"line":15,"column":4},"end":{"line":15,"column":61}},"4":{"start":{"line":23,"column":4},"end":{"line":23,"column":71}},"5":{"start":{"line":31,"column":4},"end":{"line":31,"column":63}},"6":{"start":{"line":39,"column":4},"end":{"line":39,"column":60}}},"fnMap":{"0":{"name":"(anonymous_0)","decl":{"start":{"line":9,"column":1},"end":{"line":9,"column":2}},"loc":{"start":{"line":9,"column":30},"end":{"line":40,"column":1}},"line":9}},"branchMap":{"0":{"loc":{"start":{"line":40,"column":3},"end":{"line":40,"column":76}},"type":"binary-expr","locations":[{"start":{"line":40,"column":3},"end":{"line":40,"column":20}},{"start":{"line":40,"column":25},"end":{"line":40,"column":75}}],"line":40}},"s":{"0":1,"1":1,"2":1,"3":1,"4":1,"5":1,"6":1},"f":{"0":1},"b":{"0":[1,1]},"_coverageSchema":"1a1c01bbd47fc00a2c39e90264f33305004495a9","hash":"9028b124a12d0c187ec572ebdb8722b1d493eb4d"}
,"C:\\Users\\divin\\Desktop\\password-validator\\src\\password\\validator\\ValidatorManager.ts": {"path":"C:\\Users\\divin\\Desktop\\password-validator\\src\\password\\validator\\ValidatorManager.ts","statementMap":{"0":{"start":{"line":2,"column":0},"end":{"line":2,"column":62}}},"fnMap":{},"branchMap":{},"s":{"0":1},"f":{},"b":{},"_coverageSchema":"1a1c01bbd47fc00a2c39e90264f33305004495a9","hash":"6e2a51d0db3ed31802b83c54dfdff5f18b3f85cb"}
,"C:\\Users\\divin\\Desktop\\password-validator\\src\\password\\validator\\index.ts": {"path":"C:\\Users\\divin\\Desktop\\password-validator\\src\\password\\validator\\index.ts","statementMap":{"0":{"start":{"line":2,"column":22},"end":{"line":12,"column":3}},"1":{"start":{"line":3,"column":4},"end":{"line":3,"column":33}},"2":{"start":{"line":3,"column":26},"end":{"line":3,"column":33}},"3":{"start":{"line":4,"column":15},"end":{"line":4,"column":52}},"4":{"start":{"line":5,"column":4},"end":{"line":7,"column":5}},"5":{"start":{"line":6,"column":6},"end":{"line":6,"column":68}},"6":{"start":{"line":6,"column":51},"end":{"line":6,"column":63}},"7":{"start":{"line":8,"column":4},"end":{"line":8,"column":39}},"8":{"start":{"line":10,"column":4},"end":{"line":10,"column":33}},"9":{"start":{"line":10,"column":26},"end":{"line":10,"column":33}},"10":{"start":{"line":11,"column":4},"end":{"line":11,"column":17}},"11":{"start":{"line":13,"column":19},"end":{"line":15,"column":1}},"12":{"start":{"line":14,"column":4},"end":{"line":14,"column":126}},"13":{"start":{"line":14,"column":21},"end":{"line":14,"column":126}},"14":{"start":{"line":14,"column":95},"end":{"line":14,"column":126}},"15":{"start":{"line":16,"column":0},"end":{"line":16,"column":62}},"16":{"start":{"line":17,"column":0},"end":{"line":17,"column":46}},"17":{"start":{"line":18,"column":0},"end":{"line":18,"column":51}},"18":{"start":{"line":19,"column":0},"end":{"line":19,"column":53}},"19":{"start":{"line":20,"column":0},"end":{"line":20,"column":53}},"20":{"start":{"line":21,"column":0},"end":{"line":21,"column":54}},"21":{"start":{"line":22,"column":0},"end":{"line":22,"column":54}},"22":{"start":{"line":23,"column":0},"end":{"line":23,"column":55}},"23":{"start":{"line":24,"column":0},"end":{"line":24,"column":55}},"24":{"start":{"line":25,"column":0},"end":{"line":25,"column":61}},"25":{"start":{"line":26,"column":0},"end":{"line":26,"column":71}}},"fnMap":{"0":{"name":"(anonymous_0)","decl":{"start":{"line":2,"column":74},"end":{"line":2,"column":75}},"loc":{"start":{"line":2,"column":96},"end":{"line":9,"column":1}},"line":2},"1":{"name":"(anonymous_1)","decl":{"start":{"line":6,"column":38},"end":{"line":6,"column":39}},"loc":{"start":{"line":6,"column":49},"end":{"line":6,"column":65}},"line":6},"2":{"name":"(anonymous_2)","decl":{"start":{"line":9,"column":6},"end":{"line":9,"column":7}},"loc":{"start":{"line":9,"column":28},"end":{"line":12,"column":1}},"line":9},"3":{"name":"(anonymous_3)","decl":{"start":{"line":13,"column":50},"end":{"line":13,"column":51}},"loc":{"start":{"line":13,"column":71},"end":{"line":15,"column":1}},"line":13}},"branchMap":{"0":{"loc":{"start":{"line":2,"column":22},"end":{"line":12,"column":3}},"type":"binary-expr","locations":[{"start":{"line":2,"column":23},"end":{"line":2,"column":27}},{"start":{"line":2,"column":31},"end":{"line":2,"column":51}},{"start":{"line":2,"column":57},"end":{"line":12,"column":2}}],"line":2},"1":{"loc":{"start":{"line":2,"column":57},"end":{"line":12,"column":2}},"type":"cond-expr","locations":[{"start":{"line":2,"column":74},"end":{"line":9,"column":1}},{"start":{"line":9,"column":6},"end":{"line":12,"column":1}}],"line":2},"2":{"loc":{"start":{"line":3,"column":4},"end":{"line":3,"column":33}},"type":"if","locations":[{"start":{"line":3,"column":4},"end":{"line":3,"column":33}},{"start":{},"end":{}}],"line":3},"3":{"loc":{"start":{"line":5,"column":4},"end":{"line":7,"column":5}},"type":"if","locations":[{"start":{"line":5,"column":4},"end":{"line":7,"column":5}},{"start":{},"end":{}}],"line":5},"4":{"loc":{"start":{"line":5,"column":8},"end":{"line":5,"column":85}},"type":"binary-expr","locations":[{"start":{"line":5,"column":8},"end":{"line":5,"column":13}},{"start":{"line":5,"column":18},"end":{"line":5,"column":84}}],"line":5},"5":{"loc":{"start":{"line":5,"column":18},"end":{"line":5,"column":84}},"type":"cond-expr","locations":[{"start":{"line":5,"column":34},"end":{"line":5,"column":47}},{"start":{"line":5,"column":50},"end":{"line":5,"column":84}}],"line":5},"6":{"loc":{"start":{"line":5,"column":50},"end":{"line":5,"column":84}},"type":"binary-expr","locations":[{"start":{"line":5,"column":50},"end":{"line":5,"column":63}},{"start":{"line":5,"column":67},"end":{"line":5,"column":84}}],"line":5},"7":{"loc":{"start":{"line":10,"column":4},"end":{"line":10,"column":33}},"type":"if","locations":[{"start":{"line":10,"column":4},"end":{"line":10,"column":33}},{"start":{},"end":{}}],"line":10},"8":{"loc":{"start":{"line":13,"column":19},"end":{"line":15,"column":1}},"type":"binary-expr","locations":[{"start":{"line":13,"column":20},"end":{"line":13,"column":24}},{"start":{"line":13,"column":28},"end":{"line":13,"column":45}},{"start":{"line":13,"column":50},"end":{"line":15,"column":1}}],"line":13},"9":{"loc":{"start":{"line":14,"column":21},"end":{"line":14,"column":126}},"type":"if","locations":[{"start":{"line":14,"column":21},"end":{"line":14,"column":126}},{"start":{},"end":{}}],"line":14},"10":{"loc":{"start":{"line":14,"column":25},"end":{"line":14,"column":93}},"type":"binary-expr","locations":[{"start":{"line":14,"column":25},"end":{"line":14,"column":40}},{"start":{"line":14,"column":44},"end":{"line":14,"column":93}}],"line":14}},"s":{"0":1,"1":8,"2":8,"3":8,"4":8,"5":8,"6":64,"7":8,"8":0,"9":0,"10":0,"11":1,"12":10,"13":8,"14":8,"15":1,"16":1,"17":1,"18":1,"19":1,"20":1,"21":1,"22":1,"23":1,"24":1,"25":1},"f":{"0":8,"1":64,"2":0,"3":10},"b":{"0":[1,1,1],"1":[1,0],"2":[8,0],"3":[8,0],"4":[8,8],"5":[0,8],"6":[8,0],"7":[0,0],"8":[1,1,1],"9":[8,0],"10":[8,8]},"_coverageSchema":"1a1c01bbd47fc00a2c39e90264f33305004495a9","hash":"7e5e39cc7bfb612367175098da7797521819e474"}
}
