TN:
SF:src\password\validator\DigitValidator.ts
FN:8,(anonymous_0)
FN:11,(anonymous_1)
FN:18,(anonymous_2)
FN:19,(anonymous_3)
FNF:4
FNH:4
FNDA:7,(anonymous_0)
FNDA:5,(anonymous_1)
FNDA:5,(anonymous_2)
FNDA:46,(anonymous_3)
DA:2,1
DA:3,1
DA:4,1
DA:5,1
DA:6,1
DA:9,7
DA:12,5
DA:13,3
DA:14,3
DA:16,2
DA:19,46
DA:22,1
LF:12
LH:12
BRDA:12,0,0,3
BRDA:12,0,1,2
BRF:2
BRH:2
end_of_record
TN:
SF:src\password\validator\MaxLengthValidator.ts
FN:9,(anonymous_0)
FN:12,(anonymous_1)
FN:19,(anonymous_2)
FN:34,(anonymous_3)
FN:39,(anonymous_4)
FNF:5
FNH:5
FNDA:14,(anonymous_0)
FNDA:10,(anonymous_1)
FNDA:9,(anonymous_2)
FNDA:9,(anonymous_3)
FNDA:7,(anonymous_4)
DA:2,1
DA:3,1
DA:4,1
DA:5,1
DA:6,1
DA:8,14
DA:10,14
DA:13,10
DA:14,3
DA:15,3
DA:17,7
DA:20,9
DA:21,9
DA:23,7
DA:24,7
DA:26,2
DA:27,2
DA:29,0
DA:31,9
DA:32,9
DA:35,9
DA:36,1
DA:40,7
DA:41,0
DA:45,1
LF:25
LH:23
BRDA:13,0,0,3
BRDA:13,0,1,7
BRDA:21,1,0,7
BRDA:21,1,1,2
BRDA:21,1,2,0
BRDA:35,2,0,1
BRDA:35,2,1,8
BRDA:40,3,0,0
BRDA:40,3,1,7
BRF:9
BRH:7
end_of_record
TN:
SF:src\password\validator\MinLengthValidator.ts
FN:8,(anonymous_0)
FN:11,(anonymous_1)
FN:18,(anonymous_2)
FNF:3
FNH:3
FNDA:15,(anonymous_0)
FNDA:10,(anonymous_1)
FNDA:11,(anonymous_2)
DA:2,1
DA:3,1
DA:4,1
DA:5,1
DA:6,1
DA:9,15
DA:12,10
DA:13,3
DA:14,3
DA:16,7
DA:19,11
DA:20,11
DA:22,9
DA:23,1
DA:25,9
DA:27,2
DA:29,9
DA:32,1
LF:18
LH:18
BRDA:12,0,0,3
BRDA:12,0,1,7
BRDA:20,1,0,9
BRDA:20,1,1,2
BRDA:22,2,0,1
BRDA:22,2,1,8
BRF:6
BRH:6
end_of_record
TN:
SF:src\password\validator\PasswordValidator.ts
FN:8,(anonymous_0)
FN:12,(anonymous_1)
FN:15,(anonymous_2)
FN:18,(anonymous_3)
FNF:4
FNH:4
FNDA:36,(anonymous_0)
FNDA:77,(anonymous_1)
FNDA:20,(anonymous_2)
FNDA:2,(anonymous_3)
DA:2,1
DA:3,1
DA:9,36
DA:10,36
DA:13,77
DA:16,20
DA:19,2
DA:22,1
LF:8
LH:8
BRF:0
BRH:0
end_of_record
TN:
SF:src\password\validator\PasswordValidatorConflictException.ts
FN:5,(anonymous_0)
FNF:1
FNH:1
FNDA:2,(anonymous_0)
DA:2,1
DA:3,1
DA:6,2
DA:9,1
LF:4
LH:4
BRF:0
BRH:0
end_of_record
TN:
SF:src\password\validator\PasswordValidatorManager.ts
FN:8,(anonymous_0)
FN:11,(anonymous_1)
FN:20,(anonymous_2)
FN:30,(anonymous_3)
FN:39,(anonymous_4)
FN:44,(anonymous_5)
FN:55,(anonymous_6)
FN:58,(anonymous_7)
FN:61,(anonymous_8)
FNF:9
FNH:9
FNDA:26,(anonymous_0)
FNDA:25,(anonymous_1)
FNDA:25,(anonymous_2)
FNDA:36,(anonymous_3)
FNDA:36,(anonymous_4)
FNDA:25,(anonymous_5)
FNDA:70,(anonymous_6)
FNDA:3,(anonymous_7)
FNDA:20,(anonymous_8)
DA:2,1
DA:3,1
DA:4,1
DA:5,1
DA:9,26
DA:12,25
DA:13,25
DA:14,25
DA:15,36
DA:16,36
DA:18,25
DA:21,25
DA:22,36
DA:23,13
DA:24,13
DA:25,2
DA:31,36
DA:32,9
DA:33,9
DA:34,0
DA:35,0
DA:40,36
DA:41,31
DA:45,25
DA:46,2
DA:47,2
DA:48,2
DA:49,2
DA:50,2
DA:52,2
DA:56,70
DA:59,3
DA:62,20
DA:63,20
DA:64,20
DA:65,25
DA:66,25
DA:67,16
DA:69,9
DA:70,9
DA:72,20
DA:75,1
LF:42
LH:40
BRDA:24,0,0,2
BRDA:24,0,1,11
BRDA:33,1,0,0
BRDA:33,1,1,9
BRDA:40,2,0,31
BRDA:40,2,1,5
BRDA:45,3,0,2
BRDA:45,3,1,23
BRDA:66,4,0,16
BRDA:66,4,1,9
BRF:10
BRH:9
end_of_record
TN:
SF:src\password\validator\ValidationResult.ts
FN:7,(anonymous_0)
FN:11,(anonymous_1)
FN:14,(anonymous_2)
FNF:3
FNH:3
FNDA:45,(anonymous_0)
FNDA:45,(anonymous_1)
FNDA:9,(anonymous_2)
DA:2,1
DA:3,1
DA:8,45
DA:9,45
DA:12,45
DA:15,9
DA:18,1
LF:7
LH:7
BRF:0
BRH:0
end_of_record
TN:
SF:src\password\validator\Validator.ts
FNF:0
FNH:0
DA:2,1
LF:1
LH:1
BRF:0
BRH:0
end_of_record
TN:
SF:src\password\validator\ValidatorCategory.ts
FN:9,(anonymous_0)
FNF:1
FNH:1
FNDA:1,(anonymous_0)
DA:2,1
DA:3,1
DA:9,1
DA:15,1
DA:23,1
DA:31,1
DA:39,1
LF:7
LH:7
BRDA:40,0,0,1
BRDA:40,0,1,1
BRF:2
BRH:2
end_of_record
TN:
SF:src\password\validator\ValidatorManager.ts
FNF:0
FNH:0
DA:2,1
LF:1
LH:1
BRF:0
BRH:0
end_of_record
TN:
SF:src\password\validator\index.ts
FN:2,(anonymous_0)
FN:6,(anonymous_1)
FN:9,(anonymous_2)
FN:13,(anonymous_3)
FNF:4
FNH:3
FNDA:8,(anonymous_0)
FNDA:64,(anonymous_1)
FNDA:0,(anonymous_2)
FNDA:10,(anonymous_3)
DA:2,1
DA:3,8
DA:4,8
DA:5,8
DA:6,64
DA:8,8
DA:10,0
DA:11,0
DA:13,1
DA:14,10
DA:16,1
DA:17,1
DA:18,1
DA:19,1
DA:20,1
DA:21,1
DA:22,1
DA:23,1
DA:24,1
DA:25,1
DA:26,1
LF:21
LH:19
BRDA:2,0,0,1
BRDA:2,0,1,1
BRDA:2,0,2,1
BRDA:2,1,0,1
BRDA:2,1,1,0
BRDA:3,2,0,8
BRDA:3,2,1,0
BRDA:5,3,0,8
BRDA:5,3,1,0
BRDA:5,4,0,8
BRDA:5,4,1,8
BRDA:5,5,0,0
BRDA:5,5,1,8
BRDA:5,6,0,8
BRDA:5,6,1,0
BRDA:10,7,0,0
BRDA:10,7,1,0
BRDA:13,8,0,1
BRDA:13,8,1,1
BRDA:13,8,2,1
BRDA:14,9,0,8
BRDA:14,9,1,0
BRDA:14,10,0,8
BRDA:14,10,1,8
BRF:24
BRH:16
end_of_record
